

================================================================
== Vivado HLS Report for 'SmithWaterman'
================================================================
* Date:           Wed Mar 11 10:47:31 2020

* Version:        2019.2 (Build 2704478 on Wed Nov 06 22:10:23 MST 2019)
* Project:        sw_prj
* Solution:       naive_solution
* Product family: virtexuplus
* Target device:  xcvu9p-fsgd2104-2L-e


================================================================
== Performance Estimates
================================================================
+ Timing: 
    * Summary: 
    +--------+----------+----------+------------+
    |  Clock |  Target  | Estimated| Uncertainty|
    +--------+----------+----------+------------+
    |ap_clk  | 10.00 ns | 4.941 ns |   1.25 ns  |
    +--------+----------+----------+------------+

+ Latency: 
    * Summary: 
    +---------+---------+-----------+----------+------+-------+---------+
    |  Latency (cycles) |  Latency (absolute)  |   Interval   | Pipeline|
    |   min   |   max   |    min    |    max   |  min |  max  |   Type  |
    +---------+---------+-----------+----------+------+-------+---------+
    |     1119|    31715| 11.190 us | 0.317 ms |  1119|  31715|   none  |
    +---------+---------+-----------+----------+------+-------+---------+

    + Detail: 
        * Instance: 
        +----------------------+-----------+---------+---------+-----------+-----------+------+-------+---------+
        |                      |           |  Latency (cycles) |   Latency (absolute)  |   Interval   | Pipeline|
        |       Instance       |   Module  |   min   |   max   |    min    |    max    |  min |  max  |   Type  |
        +----------------------+-----------+---------+---------+-----------+-----------+------+-------+---------+
        |grp_traceback_fu_187  |traceback  |     1103|     1105| 11.030 us | 11.050 us |  1103|   1105|   none  |
        |grp_align_fu_203      |align      |        6|    30201| 60.000 ns |  0.302 ms |     6|  30201|   none  |
        +----------------------+-----------+---------+---------+-----------+-----------+------+-------+---------+

        * Loop: 
        +-----------------+---------+---------+----------+-----------+-----------+---------+----------+
        |                 |  Latency (cycles) | Iteration|  Initiation Interval  |   Trip  |          |
        |    Loop Name    |   min   |   max   |  Latency |  achieved |   target  |  Count  | Pipelined|
        +-----------------+---------+---------+----------+-----------+-----------+---------+----------+
        |- Init_Row_Loop  |        2|      201|         2|          -|          -| 1 ~ 100 |    no    |
        |- Init_Col_Loop  |        2|      201|         2|          -|          -| 1 ~ 100 |    no    |
        +-----------------+---------+---------+----------+-----------+-----------+---------+----------+



================================================================
== Utilization Estimates
================================================================
* Summary: 
+---------------------+---------+-------+---------+---------+-----+
|         Name        | BRAM_18K| DSP48E|    FF   |   LUT   | URAM|
+---------------------+---------+-------+---------+---------+-----+
|DSP                  |        -|      -|        -|        -|    -|
|Expression           |        -|      0|        0|       91|    -|
|FIFO                 |        -|      -|        -|        -|    -|
|Instance             |        -|      2|      892|     1573|    -|
|Memory               |       19|      -|        0|        0|    0|
|Multiplexer          |        -|      -|        -|      275|    -|
|Register             |        -|      -|      104|        -|    -|
+---------------------+---------+-------+---------+---------+-----+
|Total                |       19|      2|      996|     1939|    0|
+---------------------+---------+-------+---------+---------+-----+
|Available SLR        |     1440|   2280|   788160|   394080|  320|
+---------------------+---------+-------+---------+---------+-----+
|Utilization SLR (%)  |        1|   ~0  |    ~0   |    ~0   |    0|
+---------------------+---------+-------+---------+---------+-----+
|Available            |     4320|   6840|  2364480|  1182240|  960|
+---------------------+---------+-------+---------+---------+-----+
|Utilization (%)      |    ~0   |   ~0  |    ~0   |    ~0   |    0|
+---------------------+---------+-------+---------+---------+-----+

+ Detail: 
    * Instance: 
    +----------------------+-----------+---------+-------+-----+-----+-----+
    |       Instance       |   Module  | BRAM_18K| DSP48E|  FF | LUT | URAM|
    +----------------------+-----------+---------+-------+-----+-----+-----+
    |grp_align_fu_203      |align      |        0|      0|  231|  695|    0|
    |grp_traceback_fu_187  |traceback  |        0|      2|  661|  878|    0|
    +----------------------+-----------+---------+-------+-----+-----+-----+
    |Total                 |           |        0|      2|  892| 1573|    0|
    +----------------------+-----------+---------+-------+-----+-----+-----+

    * DSP48E: 
    N/A

    * Memory: 
    +-------+-----------------+---------+---+----+-----+-------+-----+------+-------------+
    | Memory|      Module     | BRAM_18K| FF| LUT| URAM| Words | Bits| Banks| W*Bits*Banks|
    +-------+-----------------+---------+---+----+-----+-------+-----+------+-------------+
    |H_U    |SmithWaterman_H  |       19|  0|   0|    0|  10201|   32|     1|       326432|
    +-------+-----------------+---------+---+----+-----+-------+-----+------+-------------+
    |Total  |                 |       19|  0|   0|    0|  10201|   32|     1|       326432|
    +-------+-----------------+---------+---+----+-----+-------+-----+------+-------------+

    * FIFO: 
    N/A

    * Expression: 
    +---------------------+----------+-------+---+----+------------+------------+
    |    Variable Name    | Operation| DSP48E| FF| LUT| Bitwidth P0| Bitwidth P1|
    +---------------------+----------+-------+---+----+------------+------------+
    |mul_ln26_fu_231_p2   |     *    |      0|  0|  33|           7|           7|
    |i_3_fu_277_p2        |     +    |      0|  0|   7|           7|           1|
    |i_fu_248_p2          |     +    |      0|  0|   7|           7|           1|
    |icmp_ln25_fu_216_p2  |   icmp   |      0|  0|  11|           7|           6|
    |icmp_ln27_fu_242_p2  |   icmp   |      0|  0|  11|           8|           1|
    |icmp_ln33_fu_259_p2  |   icmp   |      0|  0|  11|           7|           6|
    |icmp_ln35_fu_271_p2  |   icmp   |      0|  0|  11|           8|           1|
    +---------------------+----------+-------+---+----+------------+------------+
    |Total                |          |      0|  0|  91|          51|          23|
    +---------------------+----------+-------+---+----+------------+------------+

    * Multiplexer: 
    +-------------------+----+-----------+-----+-----------+
    |        Name       | LUT| Input Size| Bits| Total Bits|
    +-------------------+----+-----------+-----+-----------+
    |H_address0         |  33|          6|   14|         84|
    |H_address1         |  15|          3|   14|         42|
    |H_ce0              |  21|          4|    1|          4|
    |H_ce1              |  15|          3|    1|          3|
    |H_we1              |   9|          2|    1|          2|
    |ap_NS_fsm          |  47|         10|    1|         10|
    |i_0_reg_137        |   9|          2|    7|         14|
    |i_1_reg_162        |   9|          2|    7|         14|
    |m_local_0_reg_174  |   9|          2|    7|         14|
    |n                  |  15|          3|   32|         96|
    |n_load_reg_149     |   9|          2|    7|         14|
    |seq1_address0      |  21|          4|    7|         28|
    |seq1_ce0           |  21|          4|    1|          4|
    |seq2_address0      |  21|          4|    7|         28|
    |seq2_ce0           |  21|          4|    1|          4|
    +-------------------+----+-----------+-----+-----------+
    |Total              | 275|         55|  108|        361|
    +-------------------+----+-----------+-----+-----------+

    * Register: 
    +-----------------------------------+----+----+-----+-----------+
    |                Name               | FF | LUT| Bits| Const Bits|
    +-----------------------------------+----+----+-----+-----------+
    |ap_CS_fsm                          |   9|   0|    9|          0|
    |grp_align_fu_203_ap_start_reg      |   1|   0|    1|          0|
    |grp_traceback_fu_187_ap_start_reg  |   1|   0|    1|          0|
    |i_0_reg_137                        |   7|   0|    7|          0|
    |i_1_reg_162                        |   7|   0|    7|          0|
    |icmp_ln25_reg_296                  |   1|   0|    1|          0|
    |m_local_0_reg_174                  |   7|   0|    7|          0|
    |n_load_reg_149                     |   7|   0|    7|          0|
    |pos_0_reg_329                      |  32|   0|   32|          0|
    |pos_1_reg_334                      |  32|   0|   32|          0|
    +-----------------------------------+----+----+-----+-----------+
    |Total                              | 104|   0|  104|          0|
    +-----------------------------------+----+----+-----+-----------+



================================================================
== Interface
================================================================
* Summary: 
+-----------------------+-----+-----+------------+---------------+--------------+
|       RTL Ports       | Dir | Bits|  Protocol  | Source Object |    C Type    |
+-----------------------+-----+-----+------------+---------------+--------------+
|ap_clk                 |  in |    1| ap_ctrl_hs | SmithWaterman | return value |
|ap_rst                 |  in |    1| ap_ctrl_hs | SmithWaterman | return value |
|ap_start               |  in |    1| ap_ctrl_hs | SmithWaterman | return value |
|ap_done                | out |    1| ap_ctrl_hs | SmithWaterman | return value |
|ap_idle                | out |    1| ap_ctrl_hs | SmithWaterman | return value |
|ap_ready               | out |    1| ap_ctrl_hs | SmithWaterman | return value |
|seq1_address0          | out |    7|  ap_memory |      seq1     |     array    |
|seq1_ce0               | out |    1|  ap_memory |      seq1     |     array    |
|seq1_q0                |  in |    8|  ap_memory |      seq1     |     array    |
|seq2_address0          | out |    7|  ap_memory |      seq2     |     array    |
|seq2_ce0               | out |    1|  ap_memory |      seq2     |     array    |
|seq2_q0                |  in |    8|  ap_memory |      seq2     |     array    |
|aligned_seq1_address0  | out |    7|  ap_memory |  aligned_seq1 |     array    |
|aligned_seq1_ce0       | out |    1|  ap_memory |  aligned_seq1 |     array    |
|aligned_seq1_we0       | out |    1|  ap_memory |  aligned_seq1 |     array    |
|aligned_seq1_d0        | out |    8|  ap_memory |  aligned_seq1 |     array    |
|aligned_seq1_q0        |  in |    8|  ap_memory |  aligned_seq1 |     array    |
|n                      | out |   32|   ap_vld   |       n       |    pointer   |
|n_ap_vld               | out |    1|   ap_vld   |       n       |    pointer   |
|aligned_seq2_address0  | out |    7|  ap_memory |  aligned_seq2 |     array    |
|aligned_seq2_ce0       | out |    1|  ap_memory |  aligned_seq2 |     array    |
|aligned_seq2_we0       | out |    1|  ap_memory |  aligned_seq2 |     array    |
|aligned_seq2_d0        | out |    8|  ap_memory |  aligned_seq2 |     array    |
|aligned_seq2_q0        |  in |    8|  ap_memory |  aligned_seq2 |     array    |
|m                      | out |   32|   ap_vld   |       m       |    pointer   |
|m_ap_vld               | out |    1|   ap_vld   |       m       |    pointer   |
|l                      | out |   32|   ap_vld   |       l       |    pointer   |
|l_ap_vld               | out |    1|   ap_vld   |       l       |    pointer   |
+-----------------------+-----+-----+------------+---------------+--------------+

