#-----------------------------------------------------------
# xsim v2019.2 (64-bit)
# SW Build 2708876 on Wed Nov  6 21:39:14 MST 2019
# IP Build 2700528 on Thu Nov  7 00:09:20 MST 2019
# Start of session at: Wed Mar 11 10:56:41 2020
# Process ID: 6996
# Current directory: /home/foteini/Workspace/SmithWaterman_HLS/SW/sw_prj/naive_solution/sim/vhdl
# Command line: xsim -mode tcl -source {xsim.dir/SmithWaterman/xsim_script.tcl}
# Log file: /home/foteini/Workspace/SmithWaterman_HLS/SW/sw_prj/naive_solution/sim/vhdl/xsim.log
# Journal file: /home/foteini/Workspace/SmithWaterman_HLS/SW/sw_prj/naive_solution/sim/vhdl/xsim.jou
#-----------------------------------------------------------
source xsim.dir/SmithWaterman/xsim_script.tcl
# xsim {SmithWaterman} -autoloadwcfg -tclbatch {SmithWaterman.tcl}
Vivado Simulator 2019.2
Time resolution is 1 ps
source SmithWaterman.tcl
## run all
Note: simulation done!
Time: 18205 ns  Iteration: 1  Process: /apatb_SmithWaterman_top/generate_sim_done_proc  File: /home/foteini/Workspace/SmithWaterman_HLS/SW/sw_prj/naive_solution/sim/vhdl/SmithWaterman.autotb.vhd
Failure: NORMAL EXIT (note: failure is to force the simulator to stop)
Time: 18205 ns  Iteration: 1  Process: /apatb_SmithWaterman_top/generate_sim_done_proc  File: /home/foteini/Workspace/SmithWaterman_HLS/SW/sw_prj/naive_solution/sim/vhdl/SmithWaterman.autotb.vhd
$finish called at time : 18205 ns
## quit
INFO: [Common 17-206] Exiting xsim at Wed Mar 11 10:56:50 2020...
